//#########################################################

[Session][Log]            dbgsession/dbg 2018-04-24 @ 00.20.35/dedicatedserver.log

[Session][ID]             02f0-7e24-c014-8c04
[Session][Platform]       Linux
[Session][Config]         Release
[Session][Exe]            ./DedicatedServerCmd.elf
[Session][ExeBit]         64
[Session][Date]           24/04/2018
[Session][Time]           00:20:35

[Session][Exe Built]      Unknown
[Session][Machine]        Unknown
[Session][GCC Version]    4.8.2
[Session][Toolset]        x86_64-pc-linux-gnu.GCC.4.8.2
[Session][Title]          

[Session][BuildVer]       
[Session][BuildVerInt]    0
[Session][BuildVerUnmod]  
[Session][BuildVerSimple] 
[Session][BuildVerInject] 
[Session][BuildVerInjSim] 

[Session][BaseVer]        v1.5.946.0

//#########################################################

[00:20:35:010][0x09323780] [Info ] [BLogBase::Init] [Internal] Initialised Log
[00:20:35:011][0x09323780] [Info ] [void NativeLogCallback] [General] Starting up the Dedicated Server Library.
[00:20:35:011][0x09323780] [Warn ] [void NativeLogCallback] [General] Failed to read data from file 'server.cfg'
[00:20:35:011][0x09323780] [Warn ] [void NativeLogCallback] [General] Failed to read server config, using the defaults
[00:20:35:011][0x09323780] [Info ] [void NativeLogCallback] [General] Server configuration loaded:
- server build version: 1
- protocol version: 62 (1.0.0.62)
- server name: Unconfigured local testing server
- max session size: 64
- details: secure, bind IP INADDR_ANY, Steam port 8766, host port 27015, query port 27016, password protected no
- whitelist size: 0
- blacklist size: 0
- lua api: disabled
- http api: disabled
- allow empty join: disabled
- game setup control: disabled
- sports play : disabled
[00:20:35:061][0x09323780] [Info ] [void NativeLogCallback] [General] HttpApi disabled
[00:20:35:061][0x09323780] [Info ] [void NativeLogCallback] [General] LuaApi disabled
[00:20:35:061][0x09323780] [Info ] [void NativeLogCallback] [General] Dedicated server is starting...
[00:20:35:864][0x09323780] [Info ] [void NativeLogCallback] [General] Connection to Steam established
[00:20:35:864][0x09323780] [Info ] [void NativeLogCallback] [General] Received public IP 50.207.28.118
[00:20:36:065][0x09323780] [Info ] [void NativeLogCallback] [General] Server logged in with Steam id 90114348463537159 ; server is secure
[00:20:36:065][0x09323780] [Info ] [void NativeLogCallback] [General] Server startup finished: AppId 378860, public IP 50.207.28.118, Steam id 90114348463537159 ; switching to running state
