//#########################################################

[Session][Log]            dbgsession/dbg 2018-04-24 @ 00.24.45/online.log

[Session][ID]             02f0-7e24-c018-b5ee
[Session][Platform]       Linux
[Session][Config]         Release
[Session][Exe]            ./DedicatedServerCmd.elf
[Session][ExeBit]         64
[Session][Date]           24/04/2018
[Session][Time]           00:24:45

[Session][Exe Built]      Unknown
[Session][Machine]        Unknown
[Session][GCC Version]    4.8.2
[Session][Toolset]        x86_64-pc-linux-gnu.GCC.4.8.2
[Session][Title]          Unknown Base Derived App

[Session][BuildVer]       0.0.0.0
[Session][BuildVerInt]    0
[Session][BuildVerUnmod]  
[Session][BuildVerSimple] 
[Session][BuildVerInject] 
[Session][BuildVerInjSim] 

[Session][BaseVer]        v1.5.946.0

//#########################################################

[00:24:45:500][0xd8c4d780] [Info ] [BLogBase::Init] [Internal] Initialised Log
[00:24:45:500][0xd8c4d780] [Info ] [Net_OneSock_Tech::InitNetworkSys] [OneSock] Linux Network Initialized
[00:24:45:501][0xd8c4d780] [Info ] [Net_OneSock::InitNet_OneSockThread] [OneSock] Net_OneSockThread Created and Started Successfully
