//#########################################################

[Session][Log]            dbgsession/dbg 2018-04-24 @ 00.50.49/dedicatedserver.log

[Session][ID]             02f0-7e24-c032-c652
[Session][Platform]       Linux
[Session][Config]         Release
[Session][Exe]            ./DedicatedServerCmd.elf
[Session][ExeBit]         64
[Session][Date]           24/04/2018
[Session][Time]           00:50:49

[Session][Exe Built]      Unknown
[Session][Machine]        Unknown
[Session][GCC Version]    4.8.2
[Session][Toolset]        x86_64-pc-linux-gnu.GCC.4.8.2
[Session][Title]          

[Session][BuildVer]       
[Session][BuildVerInt]    0
[Session][BuildVerUnmod]  
[Session][BuildVerSimple] 
[Session][BuildVerInject] 
[Session][BuildVerInjSim] 

[Session][BaseVer]        v1.5.946.0

//#########################################################

[00:50:49:600][0xaa229780] [Info ] [BLogBase::Init] [Internal] Initialised Log
[00:50:49:601][0xaa229780] [Info ] [void NativeLogCallback] [General] Starting up the Dedicated Server Library.
[00:50:49:602][0xaa229780] [Info ] [void NativeLogCallback] [General] Server configuration loaded:
- server build version: 1
- protocol version: 62 (1.0.0.62)
- server name: Masashi
- max session size: 64
- details: secure, bind IP INADDR_ANY, Steam port 8766, host port 27015, query port 27016, password protected no
- whitelist size: 0
- blacklist size: 0
- lua api: enabled
- http api: disabled
- allow empty join: enabled
- game setup control: disabled
- sports play : disabled
[00:50:49:647][0xaa229780] [Info ] [void NativeLogCallback] [General] HttpApi disabled
[00:50:49:656][0xaa229780] [Info ] [void NativeLogCallback] [General] Loading LuaApi addon 'sms_base'...
[00:50:49:657][0xaa229780] [Info ] [void NativeLogCallback] [General] Loading LuaApi addon 'sms_rotate'...
[00:50:49:657][0xaa229780] [Info ] [void NativeLogCallback] [General] Loading LuaApi addon 'lib_rotate'...
[00:50:49:658][0xaa229780] [Info ] [void NativeLogCallback] [General] Loading LuaApi addon 'sms_motd'...
[00:50:49:658][0xaa229780] [Info ] [void NativeLogCallback] [General] Loading LuaApi addon 'sms_stats'...
[00:50:49:659][0xaa229780] [Info ] [void NativeLogCallback] [General] LuaApi started
[00:50:49:659][0xaa229780] [Info ] [void NativeLogCallback] [General] Dedicated server is starting...
[00:50:49:659][0xaa229780] [Info ] [void NativeLogCallback] [General] Saving persistent data for addon 'sms_stats' into 'lua_config/sms_stats_data.json'
[00:50:50:413][0xaa229780] [Info ] [void NativeLogCallback] [General] Connection to Steam established
[00:50:50:413][0xaa229780] [Info ] [void NativeLogCallback] [General] Received public IP 50.207.28.118
[00:50:50:514][0xaa229780] [Info ] [void NativeLogCallback] [General] Server logged in with Steam id 90114348608856067 ; server is secure
[00:50:50:514][0xaa229780] [Info ] [void NativeLogCallback] [General] Server startup finished: AppId 378860, public IP 50.207.28.118, Steam id 90114348608856067 ; switching to running state
