//#########################################################

[Session][Log]            dbgsession/dbg 2018-04-24 @ 00.50.49/session.log

[Session][ID]             02f0-7e24-c032-c652
[Session][Platform]       Linux
[Session][Config]         Release
[Session][Exe]            ./DedicatedServerCmd.elf
[Session][ExeBit]         64
[Session][Date]           24/04/2018
[Session][Time]           00:50:49

[Session][Exe Built]      Unknown
[Session][Machine]        Unknown
[Session][GCC Version]    4.8.2
[Session][Toolset]        x86_64-pc-linux-gnu.GCC.4.8.2
[Session][Title]          

[Session][BuildVer]       
[Session][BuildVerInt]    0
[Session][BuildVerUnmod]  
[Session][BuildVerSimple] 
[Session][BuildVerInject] 
[Session][BuildVerInjSim] 

[Session][BaseVer]        v1.5.946.0

//#########################################################

[Session][BMemPool]       [Create] System - 16.00MB
[Session][BMemPool]       [Create] Base - 16.00MB
[Session][Thread]         [Create] 0xaa229780 - Main Thread
[00:50:49:600][0xaa229780] [Info ] [BLogBase::Init] [Internal] Initialised Log
[Session][Thread]         [Create] 0xa67e4700 - Net_OneSockThread
